  main.cpp
c:\users\admin\desktop\graph_calculator\graph_calculator\helper.cpp(46): warning C4244: аргумент: преобразование "int" в "float", возможна потеря данных
c:\users\admin\desktop\graph_calculator\graph_calculator\helper.cpp(48): warning C4244: аргумент: преобразование "int" в "float", возможна потеря данных
c:\users\admin\desktop\graph_calculator\graph_calculator\helper.cpp(50): warning C4244: аргумент: преобразование "int" в "float", возможна потеря данных
main.cpp(209): warning C4267: =: преобразование из "size_t" в "int"; возможна потеря данных
main.cpp(398): warning C4267: аргумент: преобразование из "size_t" в "int"; возможна потеря данных
main.cpp(940): warning C4244: аргумент: преобразование "int" в "float", возможна потеря данных
main.cpp(947): warning C4244: аргумент: преобразование "int" в "float", возможна потеря данных
main.cpp(1412): warning C4244: аргумент: преобразование "int" в "float", возможна потеря данных
main.cpp(1415): warning C4244: аргумент: преобразование "int" в "float", возможна потеря данных
main.cpp(1418): warning C4244: аргумент: преобразование "int" в "float", возможна потеря данных
main.cpp(1420): warning C4244: аргумент: преобразование "int" в "float", возможна потеря данных
main.cpp(1422): warning C4244: аргумент: преобразование "int" в "float", возможна потеря данных
main.cpp(1429): warning C4244: аргумент: преобразование "int" в "float", возможна потеря данных
main.cpp(1430): warning C4244: аргумент: преобразование "int" в "float", возможна потеря данных
main.cpp(1459): warning C4244: аргумент: преобразование "double" в "float", возможна потеря данных
main.cpp(1460): warning C4244: аргумент: преобразование "int" в "float", возможна потеря данных
main.cpp(1461): warning C4244: аргумент: преобразование "double" в "float", возможна потеря данных
main.cpp(1497): warning C4244: аргумент: преобразование "int" в "float", возможна потеря данных
main.cpp(1501): warning C4244: аргумент: преобразование "int" в "float", возможна потеря данных
main.cpp(1503): warning C4244: аргумент: преобразование "int" в "float", возможна потеря данных
main.cpp(1505): warning C4244: аргумент: преобразование "int" в "float", возможна потеря данных
main.cpp(1509): warning C4244: аргумент: преобразование "int" в "float", возможна потеря данных
main.cpp(1520): warning C4244: аргумент: преобразование "int" в "float", возможна потеря данных
main.cpp(1523): warning C4244: аргумент: преобразование "int" в "float", возможна потеря данных
main.cpp(1525): warning C4244: аргумент: преобразование "int" в "float", возможна потеря данных
main.cpp(1527): warning C4244: аргумент: преобразование "int" в "float", возможна потеря данных
main.cpp(1534): warning C4244: аргумент: преобразование "int" в "float", возможна потеря данных
main.cpp(1537): warning C4244: аргумент: преобразование "int" в "float", возможна потеря данных
main.cpp(1539): warning C4244: аргумент: преобразование "int" в "float", возможна потеря данных
main.cpp(1541): warning C4244: аргумент: преобразование "int" в "float", возможна потеря данных
main.cpp(1546): warning C4244: аргумент: преобразование "int" в "float", возможна потеря данных
main.cpp(1556): warning C4244: аргумент: преобразование "int" в "float", возможна потеря данных
main.cpp(1563): warning C4244: аргумент: преобразование "int" в "float", возможна потеря данных
  Создание кода
  0 of 2054 functions ( 0.0%) were compiled, the rest were copied from previous compilation.
    0 functions were new in current compilation
    0 functions had inline decision re-evaluated but remain unchanged
  Создание кода завершено
  Graph_Calculator.vcxproj -> C:\Users\Admin\Desktop\Graph_Calculator\x64\Release\Graph_Calculator.exe
